<?xml version="1.0" encoding="UTF-8"?>
<!-- Generated by org.testng.reporters.JUnitXMLReporter -->
<testsuite hostname="BISWAJEET-DELL" ignored="0" name="Default test" tests="8" failures="0" timestamp="03 Jul 2020 18:52:36 GMT" time="54.646" errors="0">
  <testcase name="navigateToHolidays" time="0.753" classname="testCases.testCase2"/>
  <testcase name="navigateToTrains" time="0.705" classname="testCases.testCase2"/>
  <testcase name="navigateVisas" time="0.962" classname="testCases.testCase2"/>
  <testcase name="navigateToFlight" time="0.814" classname="testCases.testCase2"/>
  <testcase name="navigateToVillas" time="0.666" classname="testCases.testCase2"/>
  <testcase name="navigateToCabs" time="0.404" classname="testCases.testCase2"/>
  <testcase name="navigateToBus" time="0.363" classname="testCases.testCase2"/>
  <testcase name="navigateToHotels" time="0.343" classname="testCases.testCase2"/>
</testsuite> <!-- Default test -->
