<?xml version="1.0" encoding="UTF-8"?>
<!-- Generated by org.testng.reporters.JUnitXMLReporter -->
<testsuite hostname="BISWAJEET-DELL" ignored="0" name="Default test" tests="8" failures="0" timestamp="04 Jul 2020 14:49:44 GMT" time="27.386" errors="0">
  <testcase name="navigateToHolidays" time="4.645" classname="testCases.testCase2"/>
  <testcase name="navigateToTrains" time="1.178" classname="testCases.testCase2"/>
  <testcase name="navigateVisas" time="0.553" classname="testCases.testCase2"/>
  <testcase name="navigateToFlight" time="0.568" classname="testCases.testCase2">
    <skipped/>
  </testcase> <!-- navigateToFlight -->
  <testcase name="navigateToVillas" time="0.382" classname="testCases.testCase2"/>
  <testcase name="navigateToCabs" time="0.939" classname="testCases.testCase2"/>
  <testcase name="navigateToBus" time="0.481" classname="testCases.testCase2"/>
  <testcase name="navigateToHotels" time="0.333" classname="testCases.testCase2"/>
</testsuite> <!-- Default test -->
