<?xml version="1.0" encoding="UTF-8"?>
<!-- Generated by org.testng.reporters.JUnitXMLReporter -->
<testsuite hostname="BISWAJEET-DELL" ignored="0" name="Test" tests="4" failures="0" timestamp="08 Sep 2019 14:09:23 GMT" time="128.976" errors="0">
  <testcase name="launchGooglePage" time="20.673" classname="travelSite.testCase1"/>
  <testcase name="launchMMT" time="37.479" classname="travelSite.testCase2"/>
  <testcase name="accountRegistration" time="41.565" classname="travelSite.testCase4"/>
  <testcase name="login" time="29.196" classname="travelSite.testCase5"/>
</testsuite> <!-- Test -->
